<?xml version="1.0" encoding="UTF-8"?>
<testng-results ignored="0" total="6" passed="6" failed="0" skipped="0">
  <reporter-output>
  </reporter-output>
  <suite started-at="2025-11-14T16:57:26 GMT-05:00" name="Command line suite" finished-at="2025-11-14T16:59:02 GMT-05:00" duration-ms="96058">
    <groups>
    </groups>
    <test started-at="2025-11-14T16:57:26 GMT-05:00" name="Command line test" finished-at="2025-11-14T16:59:02 GMT-05:00" duration-ms="96058">
      <class name="testcases.HomePageTest">
        <test-method is-config="true" signature="setupBrowser()[pri:0, instance:testcases.HomePageTest@776b83cc]" started-at="2025-11-14T16:58:32 GMT-05:00" name="setupBrowser" finished-at="2025-11-14T16:58:40 GMT-05:00" duration-ms="7497" status="PASS">
          <reporter-output>
          </reporter-output>
        </test-method> <!-- setupBrowser -->
        <test-method signature="homePageSignOutTest(java.lang.String,java.lang.String)[pri:0, instance:testcases.HomePageTest@776b83cc]" started-at="2025-11-14T16:58:40 GMT-05:00" name="homePageSignOutTest" data-provider="loginDetails" finished-at="2025-11-14T16:59:02 GMT-05:00" duration-ms="22301" status="PASS">
          <params>
            <param index="0">
              <value>
                <![CDATA[Admin]]>
              </value>
            </param>
            <param index="1">
              <value>
                <![CDATA[admin123]]>
              </value>
            </param>
          </params>
          <reporter-output>
          </reporter-output>
        </test-method> <!-- homePageSignOutTest -->
        <test-method is-config="true" signature="closeBrowser()[pri:0, instance:testcases.HomePageTest@776b83cc]" started-at="2025-11-14T16:59:02 GMT-05:00" name="closeBrowser" finished-at="2025-11-14T16:59:02 GMT-05:00" duration-ms="98" status="PASS">
          <reporter-output>
          </reporter-output>
        </test-method> <!-- closeBrowser -->
      </class> <!-- testcases.HomePageTest -->
      <class name="testcases.LoginTest">
        <test-method is-config="true" signature="setupDB()[pri:0, instance:testcases.LoginTest@36d585c]" started-at="2025-11-14T16:57:26 GMT-05:00" name="setupDB" finished-at="2025-11-14T16:57:26 GMT-05:00" duration-ms="30" status="PASS">
          <reporter-output>
          </reporter-output>
        </test-method> <!-- setupDB -->
        <test-method is-config="true" signature="setupBrowser()[pri:0, instance:testcases.LoginTest@36d585c]" started-at="2025-11-14T16:57:27 GMT-05:00" name="setupBrowser" finished-at="2025-11-14T16:57:36 GMT-05:00" duration-ms="8853" status="PASS">
          <reporter-output>
          </reporter-output>
        </test-method> <!-- setupBrowser -->
        <test-method signature="loginToApplication(java.lang.String,java.lang.String)[pri:0, instance:testcases.LoginTest@36d585c]" started-at="2025-11-14T16:57:36 GMT-05:00" name="loginToApplication" data-provider="loginDetails" finished-at="2025-11-14T16:58:00 GMT-05:00" duration-ms="23665" status="PASS">
          <params>
            <param index="0">
              <value>
                <![CDATA[Admin]]>
              </value>
            </param>
            <param index="1">
              <value>
                <![CDATA[admin123]]>
              </value>
            </param>
          </params>
          <reporter-output>
          </reporter-output>
        </test-method> <!-- loginToApplication -->
        <test-method is-config="true" signature="closeBrowser()[pri:0, instance:testcases.LoginTest@36d585c]" started-at="2025-11-14T16:58:00 GMT-05:00" name="closeBrowser" finished-at="2025-11-14T16:58:00 GMT-05:00" duration-ms="109" status="PASS">
          <reporter-output>
          </reporter-output>
        </test-method> <!-- closeBrowser -->
      </class> <!-- testcases.LoginTest -->
      <class name="testcases.AdminSearchTest">
        <test-method is-config="true" signature="setupBrowser()[pri:0, instance:testcases.AdminSearchTest@4ef37659]" started-at="2025-11-14T16:58:00 GMT-05:00" name="setupBrowser" finished-at="2025-11-14T16:58:07 GMT-05:00" duration-ms="7396" status="PASS">
          <reporter-output>
          </reporter-output>
        </test-method> <!-- setupBrowser -->
        <test-method is-config="true" signature="loginOnce()[pri:0, instance:testcases.AdminSearchTest@4ef37659]" started-at="2025-11-14T16:58:07 GMT-05:00" name="loginOnce" finished-at="2025-11-14T16:58:12 GMT-05:00" duration-ms="4559" status="PASS">
          <reporter-output>
          </reporter-output>
        </test-method> <!-- loginOnce -->
        <test-method signature="verifyAdminPageSearch(java.lang.String,java.lang.String,java.lang.String,java.lang.String)[pri:0, instance:testcases.AdminSearchTest@4ef37659]" started-at="2025-11-14T16:58:12 GMT-05:00" name="verifyAdminPageSearch" data-provider="AdminSearch" finished-at="2025-11-14T16:58:27 GMT-05:00" duration-ms="15428" status="PASS">
          <params>
            <param index="0">
              <value>
                <![CDATA[Admin]]>
              </value>
            </param>
            <param index="1">
              <value>
                <![CDATA[Admin]]>
              </value>
            </param>
            <param index="2">
              <value>
                <![CDATA[Minh Nguyen]]>
              </value>
            </param>
            <param index="3">
              <value>
                <![CDATA[Enabled]]>
              </value>
            </param>
          </params>
          <reporter-output>
          </reporter-output>
        </test-method> <!-- verifyAdminPageSearch -->
        <test-method signature="verifyAdminPageSearch(java.lang.String,java.lang.String,java.lang.String,java.lang.String)[pri:0, instance:testcases.AdminSearchTest@4ef37659]" started-at="2025-11-14T16:58:27 GMT-05:00" name="verifyAdminPageSearch" data-provider="AdminSearch" finished-at="2025-11-14T16:58:30 GMT-05:00" duration-ms="2792" status="PASS">
          <params>
            <param index="0">
              <value>
                <![CDATA[]]>
              </value>
            </param>
            <param index="1">
              <value>
                <![CDATA[]]>
              </value>
            </param>
            <param index="2">
              <value>
                <![CDATA[]]>
              </value>
            </param>
            <param index="3">
              <value>
                <![CDATA[]]>
              </value>
            </param>
          </params>
          <reporter-output>
          </reporter-output>
        </test-method> <!-- verifyAdminPageSearch -->
        <test-method signature="verifyAdminPageSearch(java.lang.String,java.lang.String,java.lang.String,java.lang.String)[pri:0, instance:testcases.AdminSearchTest@4ef37659]" started-at="2025-11-14T16:58:30 GMT-05:00" name="verifyAdminPageSearch" data-provider="AdminSearch" finished-at="2025-11-14T16:58:31 GMT-05:00" duration-ms="996" status="PASS">
          <params>
            <param index="0">
              <value>
                <![CDATA[]]>
              </value>
            </param>
            <param index="1">
              <value>
                <![CDATA[]]>
              </value>
            </param>
            <param index="2">
              <value>
                <![CDATA[]]>
              </value>
            </param>
            <param index="3">
              <value>
                <![CDATA[]]>
              </value>
            </param>
          </params>
          <reporter-output>
          </reporter-output>
        </test-method> <!-- verifyAdminPageSearch -->
        <test-method signature="verifyAdminPageSearch(java.lang.String,java.lang.String,java.lang.String,java.lang.String)[pri:0, instance:testcases.AdminSearchTest@4ef37659]" started-at="2025-11-14T16:58:31 GMT-05:00" name="verifyAdminPageSearch" data-provider="AdminSearch" finished-at="2025-11-14T16:58:32 GMT-05:00" duration-ms="814" status="PASS">
          <params>
            <param index="0">
              <value>
                <![CDATA[]]>
              </value>
            </param>
            <param index="1">
              <value>
                <![CDATA[]]>
              </value>
            </param>
            <param index="2">
              <value>
                <![CDATA[]]>
              </value>
            </param>
            <param index="3">
              <value>
                <![CDATA[]]>
              </value>
            </param>
          </params>
          <reporter-output>
          </reporter-output>
        </test-method> <!-- verifyAdminPageSearch -->
        <test-method is-config="true" signature="closeBrowser()[pri:0, instance:testcases.AdminSearchTest@4ef37659]" started-at="2025-11-14T16:58:32 GMT-05:00" name="closeBrowser" finished-at="2025-11-14T16:58:32 GMT-05:00" duration-ms="95" status="PASS">
          <reporter-output>
          </reporter-output>
        </test-method> <!-- closeBrowser -->
      </class> <!-- testcases.AdminSearchTest -->
    </test> <!-- Command line test -->
  </suite> <!-- Command line suite -->
</testng-results>
